<?xml version="1.0" encoding="UTF-8"?>
<!-- Generated by org.testng.reporters.JUnitReportReporter -->
<testsuite hostname="DESKTOP-GU6SA76" failures="0" tests="1" name="testcase.TC_001_Signup" time="10.510" errors="0" timestamp="2023-11-14T20:54:02 IST" skipped="0">
  <testcase classname="testcase.TC_001_Signup" name="TC_001_Signup" time="10.510"/>
</testsuite> <!-- testcase.TC_001_Signup -->
